No name selected. Default is: charlie
No Name Selected. Default is: charlie
No Name Selected. Default is: charlie
No Name Selected. Default is: charlie
[31m[ERROR] [1465231604.656397571]: Failed to open camera device![0m
No Name Selected. Default is: charlie
[0m[ INFO] [1465231610.003087033]: Initial odometry pose is Origin: (-0.01033908019542664064 0.0010084713409776332148 0)
Rotation (RPY): (0, -0, 3.0826463222503663886)
[0m
[0m[ INFO] [1465231610.102943289]: Initial odometry pose is Origin: (-0.011013419776883272977 0.0010501592567025502204 0)
Rotation (RPY): (0, -0, 3.0853120607984401147)
[0m
[0m[ INFO] [1465231610.202856287]: Initial odometry pose is Origin: (-0.011866062696315862746 0.001119447313127227249 0)
Rotation (RPY): (0, -0, 3.0753080398006336083)
[0m
[0m[ INFO] [1465231610.302888635]: Initial odometry pose is Origin: (-0.012706910667453210836 0.0011294777866692115847 0)
Rotation (RPY): (0, -0, 3.0953089121760286595)
[0m
[0m[ INFO] [1465231610.402876515]: Initial odometry pose is Origin: (-0.013377237440580331054 0.0011957726855097970415 0)
Rotation (RPY): (0, -0, 3.0853066855798045864)
[0m
[0m[ INFO] [1465231610.502885828]: Initial odometry pose is Origin: (-0.013981609199856999751 0.0012707168184630448105 0)
Rotation (RPY): (0, -0, 3.0753142959003305634)
[0m
[0m[ INFO] [1465231610.602867195]: Initial odometry pose is Origin: (-0.014578175613703369881 0.0012695803116120482016 0)
Rotation (RPY): (0, -0, 3.0859714978665793161)
[0m
[0m[ INFO] [1465231610.702881874]: Initial odometry pose is Origin: (-0.014921332909128571728 0.0012904630520309690999 0)
Rotation (RPY): (0, -0, 3.0859685817436868227)
[0m
[0m[ INFO] [1465231610.802873475]: Initial odometry pose is Origin: (-0.015237781709199049035 0.0014101322153460896236 0)
Rotation (RPY): (0, -0, 3.0659707308325274688)
[0m
[0m[ INFO] [1465231610.902882216]: Initial odometry pose is Origin: (-0.015692636506348927455 0.001282866674259534618 0)
Rotation (RPY): (0, -0, 3.095305401475659135)
[0m
[0m[ INFO] [1465231611.002837560]: Initial odometry pose is Origin: (-0.01613741628113151555 0.0013053919009678462658 0)
Rotation (RPY): (0, -0, 3.095310288806847776)
[0m
[0m[ INFO] [1465231611.102882198]: Initial odometry pose is Origin: (-0.016687143031667319576 0.0013976604247412799126 0)
Rotation (RPY): (0, -0, 3.0853133231557534621)
[0m
[0m[ INFO] [1465231611.202857712]: Initial odometry pose is Origin: (-0.017262368269145705879 0.0015728937755272152672 0)
Rotation (RPY): (0, -0, 3.0653105210168334338)
[0m
[0m[ INFO] [1465231611.302820986]: Initial odometry pose is Origin: (-0.017487690185593141728 0.0014461480601489023166 0)
Rotation (RPY): (0, -0, 3.0853073672309805353)
[0m
[0m[ INFO] [1465231611.402867409]: Initial odometry pose is Origin: (-0.017158594624765276943 0.0014251604765832229411 0)
Rotation (RPY): (0, -0, 3.0853102125129114874)
[0m
[0m[ INFO] [1465231611.502866101]: Initial odometry pose is Origin: (-0.017075976635272951953 0.0014874694619920383193 0)
Rotation (RPY): (0, -0, 3.0759806850749047413)
[0m
[0m[ INFO] [1465231611.602874670]: Initial odometry pose is Origin: (-0.017914011102732635417 0.0014704800850431432382 0)
Rotation (RPY): (0, -0, 3.0853164292789418965)
[0m
[0m[ INFO] [1465231611.702854191]: Initial odometry pose is Origin: (-0.022230509128912355477 0.0013791692365690106595 0)
Rotation (RPY): (0, -0, 3.098039240122957505)
[0m
[0m[ INFO] [1465231611.802872162]: Initial odometry pose is Origin: (-0.025167498448983714743 0.0022146210759558392252 0)
Rotation (RPY): (0, -0, 3.0427177696904741389)
[0m
[0m[ INFO] [1465231611.902884413]: Initial odometry pose is Origin: (-0.02630052199220250797 0.0018385145074872833934 0)
Rotation (RPY): (0, -0, 3.0700753274020793349)
[0m
[0m[ INFO] [1465231612.002885490]: Initial odometry pose is Origin: (-0.027544364585372765886 0.0027683713164926501693 0)
Rotation (RPY): (0, -0, 3.0207484824849633043)
[0m
[0m[ INFO] [1465231612.102877856]: Initial odometry pose is Origin: (-0.027501542363532211627 0.0032904006546237017823 0)
Rotation (RPY): (0, -0, 2.9880760253409093252)
[0m
[0m[ INFO] [1465231612.202875412]: Initial odometry pose is Origin: (-0.027509301703667880801 0.0048801503788488157995 0)
Rotation (RPY): (0, -0, 2.8994160669538486808)
[0m
[0m[ INFO] [1465231612.302871310]: Initial odometry pose is Origin: (-0.027578557864240235004 0.0050880125766941310811 0)
Rotation (RPY): (0, -0, 2.8887419096504167726)
[0m
[0m[ INFO] [1465231612.402869357]: Initial odometry pose is Origin: (-0.027665043469331795922 0.0051219468191466364232 0)
Rotation (RPY): (0, -0, 2.8873950386385964784)
[0m
[0m[ INFO] [1465231612.502861903]: Initial odometry pose is Origin: (-0.027447944785155286435 0.0052628779902749401806 0)
Rotation (RPY): (0, -0, 2.8760728039085128316)
[0m
[0m[ INFO] [1465231612.602872078]: Initial odometry pose is Origin: (-0.027167565421780850987 0.0060995706419073869586 0)
Rotation (RPY): (0, -0, 2.8280676856185711365)
[0m
[0m[ INFO] [1465231612.702854876]: Initial odometry pose is Origin: (-0.026370574028946467543 0.0057026820827123020016 0)
Rotation (RPY): (0, -0, 2.8360722860572566972)
[0m
[0m[ INFO] [1465231612.802870983]: Initial odometry pose is Origin: (-0.024709653673659674744 0.0056995556122627841211 0)
Rotation (RPY): (0, -0, 2.8074012835856874126)
[0m
[0m[ INFO] [1465231612.902869896]: Initial odometry pose is Origin: (-0.024207734717751228093 0.0066332059033884557125 0)
Rotation (RPY): (0, -0, 2.7360985631020633413)
[0m
[0m[ INFO] [1465231613.002879661]: Initial odometry pose is Origin: (-0.025882136515122684123 0.0060995560112880632675 0)
Rotation (RPY): (0, -0, 2.8280095017522959289)
[0m
[0m[ INFO] [1465231613.102879757]: Initial odometry pose is Origin: (-0.026379057181175943197 0.007506910650045892433 0)
Rotation (RPY): (0, -0, 2.7679664106901258336)
[0m
[0m[ INFO] [1465231613.202866065]: Initial odometry pose is Origin: (-0.025109877873960375488 0.0076770816099059899576 0)
Rotation (RPY): (0, -0, 2.7259733533882162249)
[0m
[0m[ INFO] [1465231613.302874693]: Initial odometry pose is Origin: (-0.024030658566685868249 0.0068687692160579929407 0)
Rotation (RPY): (0, -0, 2.7453098663205559582)
[0m
[0m[ INFO] [1465231613.402877406]: Initial odometry pose is Origin: (-0.023814992409409724977 0.0064633029603761316811 0)
Rotation (RPY): (0, -0, 2.7653084162768535315)
[0m
[0m[ INFO] [1465231613.502862711]: Initial odometry pose is Origin: (-0.02337243926191544946 0.0065829567993964397191 0)
Rotation (RPY): (0, -0, 2.7453078888756792253)
[0m
[0m[ INFO] [1465231613.602883822]: Initial odometry pose is Origin: (-0.022782418094222010863 0.0063300051676526561742 0)
Rotation (RPY): (0, -0, 2.7453084577522468557)
[0m
[0m[ INFO] [1465231613.702852247]: Initial odometry pose is Origin: (-0.022247379541231442762 0.0061007213933052303195 0)
Rotation (RPY): (0, -0, 2.7453106130561915066)
[0m
[0m[ INFO] [1465231613.802857379]: Initial odometry pose is Origin: (-0.021763035580975649552 0.0058932657687193572282 0)
Rotation (RPY): (0, -0, 2.7453104795417826445)
[0m
[0m[ INFO] [1465231613.902862582]: Initial odometry pose is Origin: (-0.021317121992214693726 0.0057024057830203254624 0)
Rotation (RPY): (0, -0, 2.7453102506599478261)
[0m
[0m[ INFO] [1465231614.002871614]: Initial odometry pose is Origin: (-0.020988832959471116074 0.0055616646463115043328 0)
Rotation (RPY): (0, -0, 2.7453090299567675103)
[0m
[0m[ INFO] [1465231614.102864610]: Initial odometry pose is Origin: (-0.020660170198765589328 0.0051826536140964930138 0)
Rotation (RPY): (0, -0, 2.7653105143478513561)
[0m
[0m[ INFO] [1465231614.202887191]: Initial odometry pose is Origin: (-0.019981047088589384136 0.0051315462710979312805 0)
Rotation (RPY): (0, -0, 2.7453075646266782428)
[0m
[0m[ INFO] [1465231614.302884663]: Initial odometry pose is Origin: (-0.019417915848391614775 0.0048917802361498723129 0)
Rotation (RPY): (0, -0, 2.7453107465705657297)
[0m
[0m[ INFO] [1465231614.402872728]: Initial odometry pose is Origin: (-0.019150325409578412145 0.0046753613036482335671 0)
Rotation (RPY): (0, -0, 2.7553100582602572111)
[0m
[0m[ INFO] [1465231614.502865755]: Initial odometry pose is Origin: (-0.018891779160441463103 0.0046674781204053359535 0)
Rotation (RPY): (0, -0, 2.7453108626775626355)
[0m
[0m[ INFO] [1465231614.602877186]: Initial odometry pose is Origin: (-0.018600672212493958579 0.0044476555156043361475 0)
Rotation (RPY): (0, -0, 2.7553090092159546742)
[0m
[0m[ INFO] [1465231614.702880772]: Initial odometry pose is Origin: (-0.018202883279567576985 0.0042830829492451552576 0)
Rotation (RPY): (0, -0, 2.7553136838874063841)
[0m
[0m[ INFO] [1465231614.802880047]: Initial odometry pose is Origin: (-0.017848171295558830363 0.0041365468938199092055 0)
Rotation (RPY): (0, -0, 2.7553103841743009639)
[0m
[0m[ INFO] [1465231614.902876943]: Initial odometry pose is Origin: (-0.015281632371155186301 0.0033090460969828630958 0)
Rotation (RPY): (0, -0, 2.7153102763908893991)
[0m
[0m[ INFO] [1465231615.002863857]: Initial odometry pose is Origin: (-0.013035419193592641396 0.0021134996027106544084 0)
Rotation (RPY): (0, -0, 2.7653095556555697954)
[0m
[0m[ INFO] [1465231615.102879413]: Initial odometry pose is Origin: (-0.011922130701013227902 0.0017069207210427183793 0)
Rotation (RPY): (0, -0, 2.745309662713508736)
[0m
[0m[ INFO] [1465231615.202871679]: Initial odometry pose is Origin: (-0.010167734599850626956 0.00096452346776696037348 0)
Rotation (RPY): (0, -0, 2.7539825155973285398)
[0m
[0m[ INFO] [1465231615.302881227]: Initial odometry pose is Origin: (-0.0083904428104790221288 3.6272527527439721068e-05 0)
Rotation (RPY): (0, -0, 2.655349913394333683)
[0m
[0m[ INFO] [1465231615.402881418]: Initial odometry pose is Origin: (-0.007787669746390404879 7.9164722928631759167e-06 0)
Rotation (RPY): (0, -0, 2.7573457817204696241)
[0m
[0m[ INFO] [1465231615.502840607]: Initial odometry pose is Origin: (-0.0071576436302581017759 -0.00053055586931769643279 0)
Rotation (RPY): (0, -0, 2.6833190470060355182)
[0m
[0m[ INFO] [1465231615.602879577]: Initial odometry pose is Origin: (-0.0041606010537044496242 -0.0020196054769251042815 0)
Rotation (RPY): (0, -0, 2.6726986487014410265)
[0m
[0m[ INFO] [1465231615.702876284]: Initial odometry pose is Origin: (0.0022415448656084194061 -0.0096686102323190921404 0)
Rotation (RPY): (0, -0, 2.4339825644051620301)
[0m
[0m[ INFO] [1465231615.802867655]: Initial odometry pose is Origin: (0.011031344923036888461 -0.017983424167942817229 0)
Rotation (RPY): (0, -0, 2.4179656626536734088)
[0m
[0m[ INFO] [1465231615.902868947]: Initial odometry pose is Origin: (0.01678577891430314134 -0.018772494115838388173 0)
Rotation (RPY): (0, -0, 2.5186258548060918017)
[0m
[0m[ INFO] [1465231616.002860745]: Initial odometry pose is Origin: (0.019052306241483667887 -0.015186254786889973045 0)
Rotation (RPY): (0, -0, 2.645314656316015256)
[0m
[0m[ INFO] [1465231616.102857420]: Initial odometry pose is Origin: (0.019948190734076887143 -0.015657630442611081972 0)
Rotation (RPY): (0, -0, 2.6459782586923967784)
[0m
[0m[ INFO] [1465231616.202877265]: Initial odometry pose is Origin: (0.021854839909791968361 -0.015482768174754869481 0)
Rotation (RPY): (0, -0, 2.6746493358136627094)
[0m
[0m[ INFO] [1465231616.302878993]: Initial odometry pose is Origin: (0.020233945755468649152 -0.012815678299140733504 0)
Rotation (RPY): (0, -0, 2.7259787863383042605)
[0m
[0m[ INFO] [1465231616.402876976]: Initial odometry pose is Origin: (0.01744881178618302997 -0.012528520211361231923 0)
Rotation (RPY): (0, -0, 2.6992990162518171182)
[0m
[0m[ INFO] [1465231616.502877282]: Initial odometry pose is Origin: (0.0172540193639560413 -0.010482824112161318389 0)
Rotation (RPY): (0, -0, 2.7553157366003762085)
[0m
[0m[ INFO] [1465231616.602874064]: Initial odometry pose is Origin: (0.015969587899936008024 -0.0099326350531262347365 0)
Rotation (RPY): (0, -0, 2.7559808121588820207)
[0m
[0m[ INFO] [1465231616.702862399]: Initial odometry pose is Origin: (0.014518277810952572027 -0.0093151367863356874383 0)
Rotation (RPY): (0, -0, 2.7553183573540569462)
[0m
[0m[ INFO] [1465231616.802863538]: Initial odometry pose is Origin: (0.01271359659601105016 -0.0082938636483306064917 0)
Rotation (RPY): (0, -0, 2.7653151318023385663)
[0m
[0m[ INFO] [1465231616.902870106]: Initial odometry pose is Origin: (0.010562884866971359102 -0.0074159267172053434936 0)
Rotation (RPY): (0, -0, 2.7653107656442705853)
[0m
[0m[ INFO] [1465231617.002877236]: Initial odometry pose is Origin: (0.0083650890221161344762 -0.0067313928869274638686 0)
Rotation (RPY): (0, -0, 2.7553074485209489985)
[0m
[0m[ INFO] [1465231617.102857332]: Initial odometry pose is Origin: (-0.010199994811946395956 0.0009999978406572841011 0)
Rotation (RPY): (0, -0, 2.7500014890653408095)
[0m
[0m[ INFO] [1465231617.202825850]: Initial odometry pose is Origin: (0.0040194896605245944432 -0.0047547456020912625893 0)
Rotation (RPY): (0, -0, 2.7653124805967421729)
[0m
[0m[ INFO] [1465231617.302881599]: Initial odometry pose is Origin: (0.0023773752952670292905 -0.0038045799182356587233 0)
Rotation (RPY): (0, -0, 2.7866393826408408785)
[0m
[0m[ INFO] [1465231617.402856976]: Initial odometry pose is Origin: (-0.010199996457836814703 0.00099999863954619312018 0)
Rotation (RPY): (0, -0, 2.7700016340968511841)
[0m
[0m[ INFO] [1465231617.502886938]: Initial odometry pose is Origin: (0.0006981604063792276561 -0.003770424798391116758 0)
Rotation (RPY): (0, -0, 2.7359537181972459763)
[0m
[0m[ INFO] [1465231617.602876996]: Initial odometry pose is Origin: (-0.00012128752896970438919 -0.0030613734615541504137 0)
Rotation (RPY): (0, -0, 2.765309883732864904)
[0m
[0m[ INFO] [1465231617.702879830]: Initial odometry pose is Origin: (-0.010199997180168252423 0.00099999887097662696483 0)
Rotation (RPY): (0, -0, 2.7700016519439909501)
[0m
[0m[ INFO] [1465231617.802880603]: Initial odometry pose is Origin: (-0.0019082532517979394326 -0.002428501034890158481 0)
Rotation (RPY): (0, -0, 2.7553104642546086822)
[0m
[0m[ INFO] [1465231617.902879867]: Initial odometry pose is Origin: (-0.0030276832905417154496 -0.0018812249348883057932 0)
Rotation (RPY): (0, -0, 2.7659839862239330444)
[0m
[0m[ INFO] [1465231618.002873329]: Initial odometry pose is Origin: (-0.010199998050193167382 0.00099999920669995674347 0)
Rotation (RPY): (0, -0, 2.7299962455980661957)
[0m
[0m[ INFO] [1465231618.102867069]: Initial odometry pose is Origin: (-0.0038921606573183650801 -0.002049575600360620687 0)
Rotation (RPY): (0, -0, 2.6773848544660583393)
[0m
[0m[ INFO] [1465231618.202865243]: Initial odometry pose is Origin: (-0.0050854788754387189598 -0.0017229598297267916494 0)
Rotation (RPY): (0, -0, 2.6393850352605916498)
[0m
[0m[ INFO] [1465231618.302862511]: Initial odometry pose is Origin: (-0.010199998653656524791 0.00099999928642185596447 0)
Rotation (RPY): (0, -0, 2.6599951174010256771)
[0m
[0m[ INFO] [1465231618.402862601]: Initial odometry pose is Origin: (-0.0061973747974555229087 -0.0010303549716561871859 0)
Rotation (RPY): (0, -0, 2.7191344163858550687)
[0m
[0m[ INFO] [1465231618.502876398]: Initial odometry pose is Origin: (-0.0023822804068545791814 -0.0039864575470855024425 0)
Rotation (RPY): (0, -0, 2.634390264264624637)
[0m
[0m[ INFO] [1465231618.602876579]: Initial odometry pose is Origin: (-0.010199997545958051914 0.0009999985537662734944 0)
Rotation (RPY): (0, -0, 2.7100228244463502314)
[0m
[0m[ INFO] [1465231618.702873776]: Initial odometry pose is Origin: (0.0021007630367653649071 -0.0034856673776284276788 0)
Rotation (RPY): (0, -0, 2.8517307733204972919)
[0m
[0m[ INFO] [1465231618.802870298]: Initial odometry pose is Origin: (0.0044200060019494950142 -0.0047897781627483449265 0)
Rotation (RPY): (0, -0, 2.815754236401458499)
[0m
[0m[ INFO] [1465231618.902865812]: Initial odometry pose is Origin: (-0.010199995712514205518 0.0009999984760538068243 0)
Rotation (RPY): (0, -0, 2.9100108717691934856)
[0m
[0m[ INFO] [1465231619.002872367]: Initial odometry pose is Origin: (0.0087898543246573614812 -0.0013232112999104653044 0)
Rotation (RPY): (0, -0, 3.0379209318777751214)
[0m
[0m[ INFO] [1465231619.102872448]: Initial odometry pose is Origin: (0.0068653957685195421065 -0.0010734029841704937919 0)
Rotation (RPY): (0, -0, 3.0392460623687647114)
[0m
[0m[ INFO] [1465231619.202874140]: Initial odometry pose is Origin: (-0.010199995125172622162 0.00099999945383655373769 0)
Rotation (RPY): (0, -0, 3.0600033450908949995)
[0m
[0m[ INFO] [1465231619.302847114]: Initial odometry pose is Origin: (0.01275561254123071947 -0.00086083300130581567444 0)
Rotation (RPY): (0, -0, 3.071283634611714497)
[0m
[0m[ INFO] [1465231619.402854927]: Initial odometry pose is Origin: (0.012330824063870371443 0.00028550582961083914406 0)
Rotation (RPY): (0, -0, 3.1312353416571525599)
[0m
[0m[ INFO] [1465231619.502844846]: Initial odometry pose is Origin: (-0.010199993560405160725 0.00099999978917610999121 0)
Rotation (RPY): (0, -0, 3.1000041622272962449)
[0m
[0m[ INFO] [1465231619.602842913]: Initial odometry pose is Origin: (0.020056935377969414142 -0.003205144494009537319 0)
Rotation (RPY): (0, -0, 2.9993360475691890343)
[0m
[0m[ INFO] [1465231619.702867131]: Initial odometry pose is Origin: (0.022767269877179457244 -0.0055816907670108101627 0)
Rotation (RPY): (0, -0, 2.9532785356805790755)
[0m
[0m[ INFO] [1465231619.802867988]: Initial odometry pose is Origin: (-0.010199990494431737664 0.00099999823136634469201 0)
Rotation (RPY): (0, -0, 3.000005138731742349)
[0m
[0m[ INFO] [1465231619.902886958]: Initial odometry pose is Origin: (0.028854477012654838886 -0.0017534485992848358477 0)
Rotation (RPY): (0, -0, 3.0739827570954298963)
[0m
[0m[ INFO] [1465231620.002883409]: Initial odometry pose is Origin: (0.030518036811505368233 -0.0038731309676472485889 0)
Rotation (RPY): (0, -0, 3.0226543717355931484)
[0m
[0m[ INFO] [1465231620.102827909]: Initial odometry pose is Origin: (-0.010199988371127975684 0.00099999865705908703301 0)
Rotation (RPY): (0, -0, 3.0400015806172961952)
[0m
[0m[ INFO] [1465231620.202850804]: Initial odometry pose is Origin: (0.032096416263684014736 -0.0032302972882573000035 0)
Rotation (RPY): (0, -0, 3.0506175603046368217)
[0m
[0m[ INFO] [1465231620.302874140]: Initial odometry pose is Origin: (0.033100783276032545721 -0.002899193849534639246 0)
Rotation (RPY): (0, -0, 3.0513288978376551519)
[0m
[0m[ INFO] [1465231620.402879467]: Initial odometry pose is Origin: (-0.010199987649588987404 0.0009999988596000016286 0)
Rotation (RPY): (0, -0, 3.0400003882446946513)
[0m
[0m[ INFO] [1465231620.502878752]: Initial odometry pose is Origin: (0.035361123300481515919 -0.0031146614106909945724 0)
Rotation (RPY): (0, -0, 3.0559708084795609295)
[0m
[0m[ INFO] [1465231620.602864305]: Initial odometry pose is Origin: (0.0366525178582908992 -0.0041498465478280880184 0)
Rotation (RPY): (0, -0, 3.0366351459017986159)
[0m
[0m[ INFO] [1465231620.702872085]: Initial odometry pose is Origin: (-0.010199986617287777613 0.00099999844081216909125 0)
Rotation (RPY): (0, -0, 3.0000017232971774028)
[0m
[0m[ INFO] [1465231620.802871490]: Initial odometry pose is Origin: (0.039396182854542556584 -0.0029940032422092993473 0)
Rotation (RPY): (0, -0, 3.0639812059647444364)
[0m
[0m[ INFO] [1465231620.902830008]: Initial odometry pose is Origin: (0.040142818843532143691 -0.0040427787985317297989 0)
Rotation (RPY): (0, -0, 3.0406635223242517441)
[0m
[0m[ INFO] [1465231621.002864504]: Initial odometry pose is Origin: (-0.010199985693521942953 0.00099999834312080801424 0)
Rotation (RPY): (0, -0, 2.9700002263453169071)
[0m
[0m[ INFO] [1465231621.102884495]: Initial odometry pose is Origin: (0.039995987870573831979 -0.0060274486573189851868 0)
Rotation (RPY): (0, -0, 3.0073036306806821827)
[0m
[0m[ INFO] [1465231621.202861040]: Initial odometry pose is Origin: (0.040543510667857905749 -0.0050991224842679263099 0)
Rotation (RPY): (0, -0, 3.0219905718819077833)
[0m
[0m[ INFO] [1465231621.302859238]: Initial odometry pose is Origin: (-0.01019998554289680559 0.00099999813572131980577 0)
Rotation (RPY): (0, -0, 2.9799996112030964213)
[0m
[0m[ INFO] [1465231621.402819488]: Initial odometry pose is Origin: (0.040655689657796326153 -0.0061392258615684154599 0)
Rotation (RPY): (0, -0, 3.0066344666150093268)
[0m
[0m[ INFO] [1465231621.502842229]: Initial odometry pose is Origin: (0.039806625636167269899 -0.0060153052554484682385 0)
Rotation (RPY): (0, -0, 3.0053080962790019726)
[0m
[0m[ INFO] [1465231621.602874691]: Initial odometry pose is Origin: (-0.010199985800643976419 0.00099999805022927754083 0)
Rotation (RPY): (0, -0, 3.0099983969015573493)
[0m
[0m[ INFO] [1465231621.702875023]: Initial odometry pose is Origin: (0.039231684890421690548 -0.0069393599470788970562 0)
Rotation (RPY): (0, -0, 2.9813270766735460171)
[0m
[0m[ INFO] [1465231621.802872110]: Initial odometry pose is Origin: (0.037493629164550970612 -0.0095468972312690476845 0)
Rotation (RPY): (0, -0, 2.9332711937523803236)
[0m
[0m[ INFO] [1465231621.902857025]: Initial odometry pose is Origin: (-0.01019998646310203011 0.00099999718277862977012 0)
Rotation (RPY): (0, -0, 2.9800058587555580125)
[0m
[0m[ INFO] [1465231622.002870600]: Initial odometry pose is Origin: (0.035905643700969332166 -0.0082183416075759137265 0)
Rotation (RPY): (0, -0, 2.9506231084282372734)
[0m
[0m[ INFO] [1465231622.102863481]: Initial odometry pose is Origin: (0.03697472470254638266 -0.01283957301229754315 0)
Rotation (RPY): (0, -0, 2.8420368835099720783)
[0m
[0m[ INFO] [1465231622.202867371]: Initial odometry pose is Origin: (-0.010199986433060914681 0.0009999965824047975238 0)
Rotation (RPY): (0, -0, 3.0099869993047745353)
[0m
[0m[ INFO] [1465231622.302872420]: Initial odometry pose is Origin: (0.021271851043566603057 -0.0029064920213064155026 0)
Rotation (RPY): (0, -0, 2.976857309772759308)
[0m
[0m[ INFO] [1465231622.402882574]: Initial odometry pose is Origin: (0.017335459817489871914 -0.0055244072045540328422 0)
Rotation (RPY): (0, -0, 2.8728478861402786393)
[0m
[0m[ INFO] [1465231622.502868554]: Initial odometry pose is Origin: (-0.010199992090926930655 0.00099999806373973591789 0)
Rotation (RPY): (0, -0, 2.8799901015205993104)
[0m
[0m[ INFO] [1465231622.602865210]: Initial odometry pose is Origin: (0.015218854676668412684 -0.0066949564440573258034 0)
Rotation (RPY): (0, -0, 2.8201165389641871251)
[0m
[0m[ INFO] [1465231622.702866384]: Initial odometry pose is Origin: (0.012985547406183380395 -0.0060532172653160794956 0)
Rotation (RPY): (0, -0, 2.8241095497993522478)
[0m
[0m[ INFO] [1465231622.802851397]: Initial odometry pose is Origin: (-0.010199993477867940611 0.00099999790713378722273 0)
Rotation (RPY): (0, -0, 2.7799911096896465779)
[0m
[0m[ INFO] [1465231622.902861616]: Initial odometry pose is Origin: (0.0084919640437823070561 -0.007875687629953434174 0)
Rotation (RPY): (0, -0, 2.6847141707076791484)
[0m
[0m[ INFO] [1465231623.002861745]: Initial odometry pose is Origin: (0.0056102820268772541842 -0.005600424690781549697 0)
Rotation (RPY): (0, -0, 2.7539804062053043765)
[0m
[0m[ INFO] [1465231623.102863226]: Initial odometry pose is Origin: (-0.010199995547613461416 0.00099999815299820458969 0)
Rotation (RPY): (0, -0, 2.7600016015791664081)
[0m
[0m[ INFO] [1465231623.202812777]: Initial odometry pose is Origin: (0.001693781524554287916 -0.0039694258984440547802 0)
Rotation (RPY): (0, -0, 2.7559786251423328274)
[0m
[0m[ INFO] [1465231623.302846811]: Initial odometry pose is Origin: (-0.0007125837588750250258 -0.0029694325560393609702 0)
Rotation (RPY): (0, -0, 2.7553077334205644533)
[0m
[0m[ INFO] [1465231623.402867812]: Initial odometry pose is Origin: (-0.01019999741453812836 0.00099999888756109253651 0)
Rotation (RPY): (0, -0, 2.7000018121478492894)
[0m
[0m[ INFO] [1465231623.502832499]: Initial odometry pose is Origin: (-0.0071086140639907693592 -0.00028127510867805423323 0)
Rotation (RPY): (0, -0, 2.7746265669378393781)
[0m
[0m[ INFO] [1465231623.602820020]: Initial odometry pose is Origin: (-0.011422928944056059616 0.0013977497680991177263 0)
Rotation (RPY): (0, -0, 2.8843265169036773621)
[0m
[0m[ INFO] [1465231623.702806528]: Initial odometry pose is Origin: (-0.010200000418359559534 0.0010000001500144457649 0)
Rotation (RPY): (0, -0, 2.7900601992260551931)
[0m
[0m[ INFO] [1465231623.802855604]: Initial odometry pose is Origin: (-0.0045222207188031051175 -0.0013847453130695151335 0)
Rotation (RPY): (0, -0, 2.8078210012959678998)
[0m
[0m[ INFO] [1465231623.902872202]: Initial odometry pose is Origin: (-0.0039837028118642568014 -0.00027826827469362670417 0)
Rotation (RPY): (0, -0, 2.9572944629160278218)
[0m
[0m[ INFO] [1465231624.002847916]: Initial odometry pose is Origin: (-0.01019999844549286834 0.00099999969115991934124 0)
Rotation (RPY): (0, -0, 3.0000024731252188381)
[0m
[0m[ INFO] [1465231624.102930308]: Initial odometry pose is Origin: (-0.0086942673419461800194 0.00072049528877268320757 0)
Rotation (RPY): (0, -0, 3.0053173864510687174)
[0m
[0m[ INFO] [1465231624.202863209]: Initial odometry pose is Origin: (-0.0091618737968343355593 0.00079225493482694029843 0)
Rotation (RPY): (0, -0, 3.0053071035346259343)
[0m
[0m[ INFO] [1465231624.302878500]: Initial odometry pose is Origin: (-0.010199999748077131015 0.00099999994835177396027 0)
Rotation (RPY): (0, -0, 3.0100016090295356186)
[0m
[0m[ INFO] [1465231624.402865023]: Initial odometry pose is Origin: (-0.011401402291908535255 0.001119585610674535877 0)
Rotation (RPY): (0, -0, 3.0046487416601563858)
[0m
[0m[ INFO] [1465231624.502831648]: Initial odometry pose is Origin: (-0.012028543467637783579 0.0012491074846971517241 0)
Rotation (RPY): (0, -0, 2.9853097957621161918)
[0m
[0m[ INFO] [1465231624.602849003]: Initial odometry pose is Origin: (-0.010200000561346367692 0.0010000000808859459654 0)
Rotation (RPY): (0, -0, 2.9600018715224143406)
[0m
[0m[ INFO] [1465231624.702864371]: Initial odometry pose is Origin: (-0.01366838209712047808 0.0018384431622610704002 0)
Rotation (RPY): (0, -0, 2.9019613751786947908)
[0m
[0m[ INFO] [1465231624.802864733]: Initial odometry pose is Origin: (-0.010471225845778739383 0.0010042454397629256915 0)
Rotation (RPY): (0, -0, 2.9759734220098814639)
[0m
[0m[ INFO] [1465231624.902872431]: Initial odometry pose is Origin: (-0.010199999885507658043 0.00099999997807134624953 0)
Rotation (RPY): (0, -0, 3.0400022071806414026)
[0m
[0m[ INFO] [1465231625.002874519]: Initial odometry pose is Origin: (-0.0063491580509928017065 0.0011769692454575888651 0)
Rotation (RPY): (0, -0, -3.073216313726093496)
[0m
[0m[ INFO] [1465231625.102866034]: Initial odometry pose is Origin: (-0.0047224346724396510169 0.0007430271017434556197 0)
Rotation (RPY): (0, -0, 3.1092925220240719142)
[0m
[0m[ INFO] [1465231625.202878237]: Initial odometry pose is Origin: (-0.010199998403170210809 0.00099999993398269967047 0)
Rotation (RPY): (0, -0, 3.1200011431439529375)
[0m
[0m[ INFO] [1465231625.302863307]: Initial odometry pose is Origin: (-0.0032377546354273594072 0.00096100793045426349207 0)
Rotation (RPY): (0, -0, -3.1385337347564443711)
[0m
[0m[ INFO] [1465231625.402876901]: Initial odometry pose is Origin: (-0.0035044334087941855088 0.0010306360853983807802 0)
Rotation (RPY): (0, -0, -3.1252198779049251698)
[0m
[0m[ INFO] [1465231625.502896606]: Initial odometry pose is Origin: (-0.010199998097617360426 0.0010000000265506963412 0)
Rotation (RPY): (0, -0, -3.0931849402822959583)
[0m
[0m[ INFO] [1465231625.602846241]: Initial odometry pose is Origin: (-0.0045618400882622449008 0.0010846659729358736415 0)
Rotation (RPY): (0, -0, -3.1158754766992262653)
[0m
[0m[ INFO] [1465231625.702877414]: Initial odometry pose is Origin: (-0.0043718429462921417836 0.0016087854530740404706 0)
Rotation (RPY): (0, -0, -3.0265485097232014411)
[0m
[0m[ INFO] [1465231625.802856353]: Initial odometry pose is Origin: (-0.010199998238122886043 0.001000000125265657026 0)
Rotation (RPY): (0, -0, 3.1200018924521524255)
[0m
[0m[ INFO] [1465231625.902878312]: Initial odometry pose is Origin: (-0.0044279050354617760857 0.00093727434332830533194 0)
Rotation (RPY): (0, -0, 3.1386404973006385433)
[0m
[0m[ INFO] [1465231626.002863785]: Initial odometry pose is Origin: (-0.0015680548409147498749 0.0027086103658431367851 0)
Rotation (RPY): (0, -0, -2.9378753752538280253)
[0m
[0m[ INFO] [1465231626.102880063]: Initial odometry pose is Origin: (-0.010199997359759981064 0.0010000005018696604339 0)
Rotation (RPY): (0, -0, -2.9731835412803082619)
[0m
[0m[ INFO] [1465231626.202877449]: Initial odometry pose is Origin: (0.00042411448050628830801 0.0029039707088789439016 0)
Rotation (RPY): (0, -0, -2.9585335313956497849)
[0m
[0m[ INFO] [1465231626.302861887]: Initial odometry pose is Origin: (0.0005096478150473074311 0.0014438133495384044679 0)
Rotation (RPY): (0, -0, -3.1005311870161604837)
[0m
[0m[ INFO] [1465231626.402880765]: Initial odometry pose is Origin: (-0.010199996996765978152 0.0010000001099759784316 0)
Rotation (RPY): (0, -0, -3.1231829282638159384)
[0m
[0m[ INFO] [1465231626.502866203]: Initial odometry pose is Origin: (-0.0015283692944383295287 0.0022184517152780401129 0)
Rotation (RPY): (0, -0, -2.9932183088561665762)
[0m
[0m[ INFO] [1465231626.602864166]: Initial odometry pose is Origin: (-0.0012394985198479510462 0.0027102279208720408965 0)
Rotation (RPY): (0, -0, -2.9445589778269751768)
[0m
[0m[ INFO] [1465231626.702885902]: Initial odometry pose is Origin: (-0.010199997417521384363 0.0010000004767055370447 0)
Rotation (RPY): (0, -0, -2.9831846996239246295)
[0m
[0m[ INFO] [1465231626.802865543]: Initial odometry pose is Origin: (-0.00059628382403186192071 0.0026427048652881948883 0)
Rotation (RPY): (0, -0, -2.9685344353988529775)
[0m
[0m[ INFO] [1465231626.902868072]: Initial odometry pose is Origin: (-0.00086071514089232825564 0.0028815287174016610341 0)
Rotation (RPY): (0, -0, -2.9372110450671660153)
[0m
[0m[ INFO] [1465231627.002872974]: Initial odometry pose is Origin: (-0.01019999732713033902 0.0010000005703023405294 0)
Rotation (RPY): (0, -0, -2.8931845321865448106)
[0m
[0m[ INFO] [1465231627.102842770]: Initial odometry pose is Origin: (-0.00038116915765907378013 0.0027844603215070114384 0)
Rotation (RPY): (0, -0, -2.9592006200509151093)
[0m
[0m[ INFO] [1465231627.202866108]: Initial odometry pose is Origin: (-0.00047472124095417690985 0.0031627426545948063817 0)
Rotation (RPY): (0, -0, -2.9172092661985202788)
[0m
[0m[ INFO] [1465231627.302858599]: Initial odometry pose is Origin: (-0.010199997230618419036 0.0010000006551644240356 0)
Rotation (RPY): (0, -0, -2.8631843144620416908)
[0m
[0m[ INFO] [1465231627.402869768]: Initial odometry pose is Origin: (-0.0016405671616759927994 0.00475546926777450224 0)
Rotation (RPY): (0, -0, -2.7178681002810525236)
[0m
[0m[ INFO] [1465231627.502877325]: Initial odometry pose is Origin: (-0.0030037955106241168504 0.0051260195375878178994 0)
Rotation (RPY): (0, -0, -2.6018886444238717992)
[0m
[0m[ INFO] [1465231627.602885866]: Initial odometry pose is Origin: (-0.010199997970196618066 0.0010000012133629734845 0)
Rotation (RPY): (0, -0, -2.5331844242616305962)
[0m
[0m[ INFO] [1465231627.702879754]: Initial odometry pose is Origin: (-0.0014191995061922297369 0.0049914007218634726462 0)
Rotation (RPY): (0, -0, -2.7191680158186879446)
[0m
[0m[ INFO] [1465231627.802876676]: Initial odometry pose is Origin: (-0.0029046653722555777766 0.0038139301934413337956 0)
Rotation (RPY): (0, -0, -2.7672138054939718899)
[0m
[0m[ INFO] [1465231627.902867838]: Initial odometry pose is Origin: (-0.010199998039747797118 0.0010000008587792924911 0)
Rotation (RPY): (0, -0, -2.5431831982848005502)
[0m
[0m[ INFO] [1465231628.002860526]: Initial odometry pose is Origin: (-0.0052588599115649297192 0.0041203601547161929769 0)
Rotation (RPY): (0, -0, -2.567866906688363926)
[0m
[0m[ INFO] [1465231628.102865305]: Initial odometry pose is Origin: (-0.0067888476400406010114 0.0039212263176135464526 0)
Rotation (RPY): (0, -0, -2.4172113220507451814)
[0m
[0m[ INFO] [1465231628.202869225]: Initial odometry pose is Origin: (-0.010199998972286645343 0.0010000007368017116774 0)
Rotation (RPY): (0, -0, -2.8631831369749529692)
[0m
[0m[ INFO] [1465231628.302867257]: Initial odometry pose is Origin: (-0.0049992448966774526847 0.0014973424180828257685 0)
Rotation (RPY): (0, -0, -3.0511899190210987065)
[0m
[0m[ INFO] [1465231628.402873567]: Initial odometry pose is Origin: (-0.0061484081473973046031 0.0015927338123220913593 0)
Rotation (RPY): (0, -0, -2.9965477914878726473)
[0m
[0m[ INFO] [1465231628.502874398]: Initial odometry pose is Origin: (-0.01019999887688008422 0.0010000001510259432912 0)
Rotation (RPY): (0, -0, -3.0631831711774548666)
[0m
[0m[ INFO] [1465231628.602874229]: Initial odometry pose is Origin: (-0.0047946404323822560539 0.00066250546166236976443 0)
Rotation (RPY): (0, -0, 3.0726587682365460452)
[0m
[0m[ INFO] [1465231628.702879227]: Initial odometry pose is Origin: (-0.0032231274251155604856 -5.6747326215923705043e-06 0)
Rotation (RPY): (0, -0, 2.9840271887856832933)
[0m
[0m[ INFO] [1465231628.802870990]: Initial odometry pose is Origin: (-0.010199998064783744392 0.00099999970384599765755 0)
Rotation (RPY): (0, -0, 2.9600026698325709873)
[0m
[0m[ INFO] [1465231628.902875764]: Initial odometry pose is Origin: (-0.01326784625334324029 0.0014051131491484814776 0)
Rotation (RPY): (0, -0, 3.0373101597294231979)
[0m
[0m[ INFO] [1465231629.002873878]: Initial odometry pose is Origin: (-0.016133074790869835619 0.0020182807775073617791 0)
Rotation (RPY): (0, -0, 2.9833163427295064096)
[0m
[0m[ INFO] [1465231629.102895546]: Initial odometry pose is Origin: (-0.010200001860405096335 0.0010000003275160522769 0)
Rotation (RPY): (0, -0, 2.9600017971988261678)
[0m
[0m[ INFO] [1465231629.202866655]: Initial odometry pose is Origin: (-0.019848216596526156719 0.0026143365422275723943 0)
Rotation (RPY): (0, -0, 2.9853143099680119477)
[0m
[0m[ INFO] [1465231629.302873880]: Initial odometry pose is Origin: (-0.019898680569714402577 0.0025200834716145787719 0)
Rotation (RPY): (0, -0, 2.995307655019424864)
[0m
[0m[ INFO] [1465231629.402869139]: Initial odometry pose is Origin: (-0.010200002759079168993 0.001000000431641924481 0)
Rotation (RPY): (0, -0, 2.9900023282986074591)
[0m
[0m[ INFO] [1465231629.502866752]: Initial odometry pose is Origin: (-0.01892816383940957789 0.0026226117081648938657 0)
Rotation (RPY): (0, -0, 2.9673088890672221218)
[0m
[0m[ INFO] [1465231629.602844791]: Initial odometry pose is Origin: (-0.016835470138557781516 0.0021015239409166680366 0)
Rotation (RPY): (0, -0, 2.9866343533889696538)
[0m
[0m[ INFO] [1465231629.702880076]: Initial odometry pose is Origin: (-0.010200001872602866906 0.0010000002798459172934 0)
Rotation (RPY): (0, -0, 3.0800146071657286129)
[0m
[0m[ INFO] [1465231629.802863078]: Initial odometry pose is Origin: (-0.021744870548965847951 0.001823907402371811046 0)
Rotation (RPY): (0, -0, -3.1168654841723579807)
[0m
[0m[ INFO] [1465231629.902876248]: Initial odometry pose is Origin: (-0.015774386583130704798 0.0026197738198110247752 0)
Rotation (RPY): (0, -0, 2.8844584086393192379)
[0m
[0m[ INFO] [1465231630.002867218]: Initial odometry pose is Origin: (-0.010200001327946819213 0.0010000003841948478314 0)
Rotation (RPY): (0, -0, 2.6999962617253268071)
[0m
[0m[ INFO] [1465231630.102872831]: Initial odometry pose is Origin: (-0.017106317630486225084 0.0042356205955333499011 0)
Rotation (RPY): (0, -0, 2.6946473778066062366)
[0m
[0m[ INFO] [1465231630.202824251]: Initial odometry pose is Origin: (-0.017007361718636235942 0.0026180438872058292218 0)
Rotation (RPY): (0, -0, 2.9059703912995979991)
[0m
[0m[ INFO] [1465231630.302876805]: Initial odometry pose is Origin: (-0.010200001954571170579 0.0010000004426568391558 0)
Rotation (RPY): (0, -0, 2.9500019672897379586)
[0m
[0m[ INFO] [1465231630.402848916]: Initial odometry pose is Origin: (-0.017757135101704450697 0.0018196227630378597993 0)
Rotation (RPY): (0, -0, 3.0353159026573366397)
[0m
[0m[ INFO] [1465231630.502871246]: Initial odometry pose is Origin: (-0.017849556748168717013 0.0015301931819470654915 0)
Rotation (RPY): (0, -0, 3.0753073447609717839)
[0m
[0m[ INFO] [1465231630.602874536]: Initial odometry pose is Origin: (-0.010200002181194925063 0.0010000001609604875809 0)
Rotation (RPY): (0, -0, 3.0500015305243999286)
[0m
[0m[ INFO] [1465231630.702868257]: Initial odometry pose is Origin: (-0.018273814141661879479 0.0014031379425131942744 0)
Rotation (RPY): (0, -0, 3.0953160995600401684)
[0m
[0m[ INFO] [1465231630.802845553]: Initial odometry pose is Origin: (-0.018699957883675222964 0.0015078711794339119939 0)
Rotation (RPY): (0, -0, 3.085310214175919441)
[0m
[0m[ INFO] [1465231630.902853358]: Initial odometry pose is Origin: (-0.010200002437771946845 0.0010000001511815169788 0)
Rotation (RPY): (0, -0, 3.0700015288775475142)
[0m
[0m[ INFO] [1465231631.002817973]: Initerminate called after throwing an instance of 'boost::exception_detail::clone_impl<boost::exception_detail::error_info_injector<boost::lock_error> >'
  what():  boost: mutex lock failed in pthread_mutex_lock: Invalid argument
[33m[ WARN] [1465231632.611921350]: Shutdown request received.[0m
[33m[ WARN] [1465231632.612022961]: Reason given for shutdown: [user request][0m
tial odometry pose is Origin: (-0.019423170757371054779 0.0018231764597888744286 0)
Rotation (RPY): (0, -0, 3.0553176735756499838)
[0m
[0m[ INFO] [1465231631.102864792]: Initial odometry pose is Origin: (-0.019565231925033996219 0.0017446339139437164883 0)
Rotation (RPY): (0, -0, 3.0653103825110727954)
[0m
[0m[ INFO] [1465231631.202832200]: Initial odometry pose is Origin: (-0.01020000266819343776 0.0010000002122536983621 0)
Rotation (RPY): (0, -0, 3.060001546285658236)
[0m
[0m[ INFO] [1465231631.302864229]: Initial odometry pose is Origin: (-0.020002273898908570077 0.0016843225623442916079 0)
Rotation (RPY): (0, -0, 3.0753176113624332011)
[0m
[0m[ INFO] [1465231631.402862276]: Initial odometry pose is Origin: (-0.020171627532334097943 0.0016962326789300629856 0)
Rotation (RPY): (0, -0, 3.0753107656440414885)
[0m
[0m[ INFO] [1465231631.502867164]: Initial odometry pose is Origin: (-0.010200002842448175136 0.0010000002110596511139 0)
Rotation (RPY): (0, -0, 3.0500014923955292012)
[0m
[0m[ INFO] [1465231631.602860212]: Initial odometry pose is Origin: (-0.02061044390848160851 0.0017276111398156848448 0)
Rotation (RPY): (0, -0, 3.0759806371697338001)
[0m
[0m[ INFO] [1465231631.702805656]: Initial odometry pose is Origin: (-0.020757147425777781186 0.0018409831099984910307 0)
Rotation (RPY): (0, -0, 3.0653086887569385155)
[0m
[0m[ INFO] [1465231631.802913417]: Initial odometry pose is Origin: (-0.010200003010701261946 0.0010000002399382849731 0)
Rotation (RPY): (0, -0, 3.0600015462856791082)
[0m
[0m[ INFO] [1465231631.902870778]: Initial odometry pose is Origin: (-0.021212209050572042313 0.0019858727542729150313 0)
Rotation (RPY): (0, -0, 3.0559806636039903438)
[0m
[0m[ INFO] [1465231632.002868175]: Initial odometry pose is Origin: (-0.021381926691308332511 0.0020013951697717066724 0)
Rotation (RPY): (0, -0, 3.0553060358818311393)
[0m
[0m[ INFO] [1465231632.102837797]: Initial odometry pose is Origin: (-0.010200003188614564092 0.0010000002857010424889 0)
Rotation (RPY): (0, -0, 3.050006314657258244)
[0m
[0m[ INFO] [1465231632.202841230]: Initial odometry pose is Origin: (-0.021699829888051292565 0.0020306658346608947273 0)
Rotation (RPY): (0, -0, 3.0553181661567432315)
[0m
[0m[ INFO] [1465231632.302805602]: Initial odometry pose is Origin: (-0.021798034935102711396 0.0019259921346618216927 0)
Rotation (RPY): (0, -0, 3.0653157230867513761)
[0m
[0m[ INFO] [1465231632.402767770]: Initial odometry pose is Origin: (-0.010200003296022663868 0.0010000002704682938327 0)
Rotation (RPY): (0, -0, 3.0500016623940684468)
[0m
[0m[ INFO] [1465231632.502747804]: Initial odometry pose is Origin: (-0.021948880313614912291 0.0020534105127628142842 0)
Rotation (RPY): (0, -0, 3.0553199209174968232)
[0m
[0m[ INFO] [1465231632.602775539]: Initial odometry pose is Origin: (-0.021991996894440500598 0.0022893065811464847342 0)
Rotation (RPY): (0, -0, 3.0353145836569215277)
[0m
[0m[ INFO] [1465231632.702771641]: Initial odometry pose is Origin: (-0.010200003351618448788 0.0010000003666730140212 0)
Rotation (RPY): (0, -0, 3.030001298330366577)
[0m
[0m[ INFO] [1465231632.802763706]: Initial odometry pose is Origin: (-0.021841034898811083342 0.0022740159025740136825 0)
Rotation (RPY): (0, -0, 3.0352124036750698366)
[0m
[0m[ INFO] [1465231632.902743169]: Initial odometry pose is Origin: (-0.022139702046122936019 0.0021898080156996964363 0)
Rotation (RPY): (0, -0, 3.0453212162594578416)
[0m
[0m[ INFO] [1465231633.002752984]: Initial odometry pose is Origin: (-0.010200003388330120685 0.0010000003377914172542 0)
Rotation (RPY): (0, -0, 3.0400013746243055301)
[0m
[0m[ INFO] [1465231633.102743148]: Initial odometry pose is Origin: (-0.022287016270289280312 0.0023243257564584934166 0)
Rotation (RPY): (0, -0, 3.0353182059891139488)
[0m
[0m[ INFO] [1465231633.202836351]: Initial odometry pose is Origin: (-0.022376646885932896525 0.0023347597887044616027 0)
Rotation (RPY): (0, -0, 3.0353183568916111135)
[0m
[0m[ INFO] [1465231633.302803348]: Initial odometry pose is Origin: (-0.01020000346064157265 0.0010000003795247016172 0)
Rotation (RPY): (0, -0, 3.0300016416531270202)
[0m
[0m[ INFO] [1465231633.402813966]: Initial odometry pose is Origin: (-0.022485946388802160317 0.0024689523972688627237 0)
Rotation (RPY): (0, -0, 3.0253185492923271305)
[0m
[0m[ INFO] [1465231633.502819505]: Initial odometry pose is Origin: (-0.022513798508364886442 0.002472856511413187245 0)
Rotation (RPY): (0, -0, 3.0259748254685741031)
[0m
[0m[ INFO] [1465231633.602875128]: Initial odometry pose is Origin: (-0.01020000350372095646 0.0010000004113216828978 0)
Rotation (RPY): (0, -0, 3.0300014875284997373)
[0m
[0m[ INFO] [1465231633.702845205]: Initial odometry pose is Origin: (-0.02256040301659962069 0.0021139674115437140541 0)
Rotation (RPY): (0, -0, 3.055313852187481416)
[0m
[0m[ INFO] [1465231633.802840628]: Initial odometry pose is Origin: (-0.022521466109865346389 0.0021101389237000250064 0)
Rotation (RPY): (0, -0, 3.0553071989021005628)
[0m
[0m[ INFO] [1465231633.902828215]: Initial odometry pose is Origin: (-0.0102000035049248719 0.001000000323536223007 0)
Rotation (RPY): (0, -0, 3.0400014907352308491)
[0m
[0m[ INFO] [1465231634.002825051]: Initial odometry pose is Origin: (-0.022591821884485163707 0.0021164300257351057605 0)
Rotation (RPY): (0, -0, 3.0553151127431585898)
[0m
[0m[ INFO] [1465231634.102800155]: Initial odometry pose is Origin: (-0.022632721295772061099 0.0021200268085614475122 0)
Rotation (RPY): (0, -0, 3.0553034414253308348)
[0m
[0m[ INFO] [1465231634.202825108]: Initial odometry pose is Origin: (-0.010200003542632812836 0.0010000003192080877176 0)
Rotation (RPY): (0, -0, 3.0500016607266133839)
[0m
[0m[ INFO] [1465231634.302874663]: Initial odometry pose is Origin: (-0.02277021334604214034 0.0021321877203000997453 0)
Rotation (RPY): (0, -0, 3.0553087057075205557)
[0m
[0m[ INFO] [1465231634.402886434]: Initial odometry pose is Origin: (-0.022818228313342139857 0.0022603702277237676214 0)
Rotation (RPY): (0, -0, 3.0453101951053169749)
[0m
[0m[ INFO] [1465231634.502870229]: Initial odometry pose is Origin: (-0.010200003592277986225 0.0010000003431424467695 0)
Rotation (RPY): (0, -0, 3.0600016573838071388)
[0m
[0m[ INFO] [1465231634.602866952]: Initial odometry pose is Origin: (-0.023004190983229762246 0.002152908824394902422 0)
Rotation (RPY): (0, -0, 3.0559788826276022)
[0m
[0m[ INFO] [1465231634.702874005]: Initial odometry pose is Origin: (-0.022976351221782036205 0.0020245830582165109772 0)
Rotation (RPY): (0, -0, 3.0653156472564626611)
[0m
[0m[ INFO] [1465231634.802851799]: Initial odometry pose is Origin: (-0.010200003627469624023 0.0010000002909275273154 0)
Rotation (RPY): (0, -0, 3.0600014509182642541)
[0m
[0m[ INFO] [1465231634.902830400]: Initial odometry pose is Origin: (-0.022958628963114589838 0.0020223871322856221827 0)
Rotation (RPY): (0, -0, 3.0653178800544749194)
[0m
[0m[ INFO] [1465231635.002856310]: Initial odometry pose is Origin: (-0.022951337097690208827 0.0020214618765017921577 0)
Rotation (RPY): (0, -0, 3.0653115095100362808)
[0m
[0m[ INFO] [1465231635.102892332]: Initial odometry pose is Origin: (-0.010200003625334987806 0.0010000002904536097522 0)
Rotation (RPY): (0, -0, 3.0600017179470810902)
[0m
[0m[ INFO] [1465231635.202872578]: Initial odometry pose is Origin: (-0.022977195567904912937 0.0020230193976945318526 0)
Rotation (RPY): (0, -0, 3.0653126729927087091)
[0m
[0m[ INFO] [1465231635.302874040]: Initial odometry pose is Origin: (-0.022937704332082135827 0.002144287654334702236 0)
Rotation (RPY): (0, -0, 3.0559734752887832698)
[0m
[0m[ INFO] [1465231635.402875899]: Initial odometry pose is Origin: (-0.010200003620622455358 0.0010000003251446802979 0)
Rotation (RPY): (0, -0, 3.0500015845622217014)
[0m
[0m[ INFO] [1465231635.502880851]: Initial odometry pose is Origin: (-0.022907229194852964799 0.0020166479078113650272 0)
Rotation (RPY): (0, -0, 3.0653138348097828114)
[0m
[0m[ INFO] [1465231635.602842342]: Initial odometry pose is Origin: (-0.022915340040339168826 0.00201718550339460281 0)
Rotation (RPY): (0, -0, 3.0653048147163381998)
[0m
[0m[ INFO] [1465231635.702terminate called after throwing an instance of 'boost::exception_detail::clone_impl<boost::exception_detail::error_info_injector<boost::lock_error> >'
  what():  boost: mutex lock failed in pthread_mutex_lock: Invalid argument
[33m[ WARN] [1465231636.789336707]: Shutdown request received.[0m
[33m[ WARN] [1465231636.789435904]: Reason given for shutdown: [user request][0m
886625]: Initial odometry pose is Origin: (-0.010200003620250773506 0.001000000297631180356 0)
Rotation (RPY): (0, -0, 3.0500015288791173518)
[0m
[0m[ INFO] [1465231635.802832756]: Initial odometry pose is Origin: (-0.022965322191397779389 0.0021463399342158476224 0)
Rotation (RPY): (0, -0, 3.0553080762825071126)
[0m
[0m[ INFO] [1465231635.902817582]: Initial odometry pose is Origin: (-0.022958346772868603453 0.0021457631492816627364 0)
Rotation (RPY): (0, -0, 3.0553142942390505432)
[0m
[0m[ INFO] [1465231636.002854505]: Initial odometry pose is Origin: (-0.010200003621303563306 0.0010000003333300708144 0)
Rotation (RPY): (0, -0, 3.040001624231170485)
[0m
[0m[ INFO] [1465231636.102844942]: Initial odometry pose is Origin: (-0.022965794468463356093 0.0020215957036495641255 0)
Rotation (RPY): (0, -0, 3.0653148821895350729)
[0m
[0m[ INFO] [1465231636.202840025]: Initial odometry pose is Origin: (-0.022992751767961519538 0.0020236415154871764503 0)
Rotation (RPY): (0, -0, 3.06530759944534692)
[0m
[0m[ INFO] [1465231636.302786445]: Initial odometry pose is Origin: (-0.010200003640076605455 0.0010000002993200889177 0)
Rotation (RPY): (0, -0, 3.0500016433217136402)
[0m
[0m[ INFO] [1465231636.402828646]: Initial odometry pose is Origin: (-0.023068866973204853882 0.0021558962684126679876 0)
Rotation (RPY): (0, -0, 3.0559742246503649454)
[0m
[0m[ INFO] [1465231636.502748122]: Initial odometry pose is Origin: (-0.010200003660752850893 0.0010000003287060116493 0)
Rotation (RPY): (0, -0, 3.0500050559369760173)
[0m
[0m[ INFO] [1465231636.602755916]: Initial odometry pose is Origin: (-0.010200003683025125195 0.0010000003309263087291 0)
Rotation (RPY): (0, -0, 3.0500012601834054493)
[0m
[0m[ INFO] [1465231636.702754744]: Initial odometry pose is Origin: (-0.023206442066312657491 0.0021684389013920269546 0)
Rotation (RPY): (0, -0, 3.0553163541755261612)
[0m
[0m[ INFO] [1465231636.802786031]: Initial odometry pose is Origin: (-0.023143806007967351879 0.0024173205989492193603 0)
Rotation (RPY): (0, -0, 3.0353164337953471019)
[0m
[0m[ INFO] [1465231636.902862695]: Initial odometry pose is Origin: (-0.029858287690274629839 0.0031169017503212153621 0)
Rotation (RPY): (0, -0, 3.0379838036344031238)
[0m
[0m[ INFO] [1465231637.002755530]: Initial odometry pose is Origin: (-0.065599691299483828266 0.0065909891375955350148 0)
Rotation (RPY): (0, -0, 3.0513164757361828094)
[0m
[0m[ INFO] [1465231637.102711351]: Initial odometry pose is Origin: (-0.081357015425958079113 0.0079822313293058701211 0)
Rotation (RPY): (0, -0, 3.0568004845181042661)
[0m
[0m[ INFO] [1465231637.202722025]: Initial odometry pose is Origin: (-0.096815801248761546027 0.0092627192178029345293 0)
Rotation (RPY): (0, -0, 3.0619834373922150128)
[0m
[33m[ WARN] [1465231637.241325310]: Shutdown request received.[0m
[33m[ WARN] [1465231637.241388152]: Reason given for shutdown: [user request][0m
[33m[ WARN] [1465231637.661532487]: Shutdown request received.[0m
[33m[ WARN] [1465231637.661647869]: Reason given for shutdown: [user request][0m
[33m[ WARN] [1465231638.490079791]: Shutdown request received.[0m
[33m[ WARN] [1465231638.490179353]: Reason given for shutdown: [user request][0m
[33m[ WARN] [1465231638.916668366]: Shutdown request received.[0m
[33m[ WARN] [1465231638.916791401]: Reason given for shutdown: [user request][0m
